-------------------------------------------------------------------------------
Test set: io.osins.grpc.reactor.plugin.maven.JavaServiceTest
-------------------------------------------------------------------------------
Tests run: 1, Failures: 0, Errors: 1, Skipped: 0, Time elapsed: 0.803 s <<< FAILURE! -- in io.osins.grpc.reactor.plugin.maven.JavaServiceTest
io.osins.grpc.reactor.plugin.maven.JavaServiceTest.testLoadJavaCodes -- Time elapsed: 0.758 s <<< ERROR!
java.io.IOException: load java codes, error, source path not exists: /Users/shaoyingwang/works/codes/osins-reactor-grpc-maven-plugin/target/generated-sources/Users/shaoyingwang/works/codes/osins-reactor-grpc-maven-plugin/src/test/resources/protobuf/grpc-java
	at io.osins.grpc.reactor.plugin.maven.service.impl.JavaServiceImpl.loadJavaCodes(JavaServiceImpl.java:29)
	at io.osins.grpc.reactor.plugin.maven.JavaServiceTest.testLoadJavaCodes(JavaServiceTest.java:44)
	at java.base/java.lang.reflect.Method.invoke(Method.java:580)
	at java.base/java.util.ArrayList.forEach(ArrayList.java:1596)
	at java.base/java.util.ArrayList.forEach(ArrayList.java:1596)

