-------------------------------------------------------------------------------
Test set: io.osins.grpc.reactor.plugin.maven.ReactiveCodeGenTest
-------------------------------------------------------------------------------
Tests run: 2, Failures: 0, Errors: 2, Skipped: 0, Time elapsed: 0.023 s <<< FAILURE! -- in io.osins.grpc.reactor.plugin.maven.ReactiveCodeGenTest
io.osins.grpc.reactor.plugin.maven.ReactiveCodeGenTest.testGenerateGrpcClientConfig -- Time elapsed: 0.016 s <<< ERROR!
spoon.compiler.InvalidClassPathException: /home/richard/codes/maven-osins-reactor-grpc-plugin/target/generated-sources/protobuf/grpc-java/com/example/grpc/SysPermissionServiceGrpc.java does not exist, it is not a valid folder
	at spoon.support.StandardEnvironment.verifySourceClasspath(StandardEnvironment.java:524)
	at spoon.support.StandardEnvironment.setSourceClasspath(StandardEnvironment.java:504)
	at io.osins.grpc.reactor.plugin.maven.ReactiveCodeGenTest.testGenerateGrpcClientConfig(ReactiveCodeGenTest.java:76)
	at java.base/java.lang.reflect.Method.invoke(Method.java:580)
	at java.base/java.util.ArrayList.forEach(ArrayList.java:1596)
	at java.base/java.util.ArrayList.forEach(ArrayList.java:1596)

io.osins.grpc.reactor.plugin.maven.ReactiveCodeGenTest.testGenerateGrpcClientConfig_fromStub -- Time elapsed: 0.006 s <<< ERROR!
java.nio.file.FileSystemException: /src: Read-only file system
	at java.base/sun.nio.fs.UnixException.translateToIOException(UnixException.java:100)
	at java.base/sun.nio.fs.UnixException.rethrowAsIOException(UnixException.java:106)
	at java.base/sun.nio.fs.UnixException.rethrowAsIOException(UnixException.java:111)
	at java.base/sun.nio.fs.UnixFileSystemProvider.createDirectory(UnixFileSystemProvider.java:438)
	at java.base/java.nio.file.Files.createDirectory(Files.java:699)
	at java.base/java.nio.file.Files.createAndCheckIsDirectory(Files.java:807)
	at java.base/java.nio.file.Files.createDirectories(Files.java:793)
	at io.osins.grpc.reactor.plugin.maven.service.impl.JavaServiceImpl.loadJavaCodes(JavaServiceImpl.java:46)
	at io.osins.grpc.reactor.plugin.maven.ReactiveCodeGenTest.testGenerateGrpcClientConfig_fromStub(ReactiveCodeGenTest.java:56)
	at java.base/java.lang.reflect.Method.invoke(Method.java:580)
	at java.base/java.util.ArrayList.forEach(ArrayList.java:1596)
	at java.base/java.util.ArrayList.forEach(ArrayList.java:1596)

