-------------------------------------------------------------------------------
Test set: io.osins.grpc.reactor.plugin.maven.SpoonTest
-------------------------------------------------------------------------------
Tests run: 1, Failures: 0, Errors: 1, Skipped: 0, Time elapsed: 1.203 s <<< FAILURE! -- in io.osins.grpc.reactor.plugin.maven.SpoonTest
io.osins.grpc.reactor.plugin.maven.SpoonTest.test -- Time elapsed: 1.202 s <<< ERROR!
spoon.SpoonException: java.io.FileNotFoundException: The following file does not exist: /System/Volumes/Data/home/richard/codes/matrix/matrix-auth/matrix-auth-grpc-proto/target/generated-sources/grpc/sources/grpc-java/club/hm/matrix/auth/grpc/UserAuthorityServiceGrpc.java
	at spoon.support.compiler.FileSystemFile.getContent(FileSystemFile.java:47)
	at spoon.compiler.SpoonFile.getContentChars(SpoonFile.java:47)
	at spoon.support.compiler.jdt.FileCompilerConfig.initializeCompiler(FileCompilerConfig.java:54)
	at spoon.support.compiler.jdt.JDTBasedSpoonCompiler.createBatchCompiler(JDTBasedSpoonCompiler.java:361)
	at spoon.support.compiler.jdt.JDTBasedSpoonCompiler.buildUnits(JDTBasedSpoonCompiler.java:415)
	at spoon.support.compiler.jdt.JDTBasedSpoonCompiler.buildUnitsAndModel(JDTBasedSpoonCompiler.java:386)
	at spoon.support.compiler.jdt.JDTBasedSpoonCompiler.buildSources(JDTBasedSpoonCompiler.java:347)
	at spoon.support.compiler.jdt.JDTBasedSpoonCompiler.build(JDTBasedSpoonCompiler.java:118)
	at spoon.support.compiler.jdt.JDTBasedSpoonCompiler.build(JDTBasedSpoonCompiler.java:101)
	at spoon.Launcher.buildModel(Launcher.java:781)
	at io.osins.grpc.reactor.plugin.maven.SpoonTest.test(SpoonTest.java:27)
	at java.base/java.lang.reflect.Method.invoke(Method.java:580)
	at java.base/java.util.ArrayList.forEach(ArrayList.java:1596)
	at java.base/java.util.ArrayList.forEach(ArrayList.java:1596)
Caused by: java.io.FileNotFoundException: The following file does not exist: /System/Volumes/Data/home/richard/codes/matrix/matrix-auth/matrix-auth-grpc-proto/target/generated-sources/grpc/sources/grpc-java/club/hm/matrix/auth/grpc/UserAuthorityServiceGrpc.java
	at spoon.support.compiler.FileSystemFile.getContent(FileSystemFile.java:43)
	... 13 more

