<?xml version="1.0" encoding="UTF-8"?>
<testsuite xmlns:xsi="http://www.w3.org/2001/XMLSchema-instance" xsi:noNamespaceSchemaLocation="https://maven.apache.org/surefire/maven-surefire-plugin/xsd/surefire-test-report-3.0.xsd" version="3.0" name="io.osins.grpc.reactor.plugin.maven.ReactiveCodeGenTest" time="0.023" tests="2" errors="2" skipped="0" failures="0">
  <properties>
[...]
</properties>
  <testcase name="testGenerateGrpcClientConfig" classname="io.osins.grpc.reactor.plugin.maven.ReactiveCodeGenTest" time="0.016">
    <error message="/home/richard/codes/maven-osins-reactor-grpc-plugin/target/generated-sources/protobuf/grpc-java/com/example/grpc/SysPermissionServiceGrpc.java does not exist, it is not a valid folder" type="spoon.compiler.InvalidClassPathException"><![CDATA[spoon.compiler.InvalidClassPathException: /home/richard/codes/maven-osins-reactor-grpc-plugin/target/generated-sources/protobuf/grpc-java/com/example/grpc/SysPermissionServiceGrpc.java does not exist, it is not a valid folder
	at spoon.support.StandardEnvironment.verifySourceClasspath(StandardEnvironment.java:524)
	at spoon.support.StandardEnvironment.setSourceClasspath(StandardEnvironment.java:504)
	at io.osins.grpc.reactor.plugin.maven.ReactiveCodeGenTest.testGenerateGrpcClientConfig(ReactiveCodeGenTest.java:76)
	at java.base/java.lang.reflect.Method.invoke(Method.java:580)
	at java.base/java.util.ArrayList.forEach(ArrayList.java:1596)
	at java.base/java.util.ArrayList.forEach(ArrayList.java:1596)
]]></error>
    <system-out><![CDATA[17:23:49.723 [main] INFO io.osins.grpc.reactor.plugin.maven.ReactiveCodeGenTest -- generate spring webflux config, source: /home/richard/codes/maven-osins-reactor-grpc-plugin/target/generated-sources/protobuf/grpc-java/com/example/grpc/SysPermissionServiceGrpc.java
]]></system-out>
  </testcase>
  <testcase name="testGenerateGrpcClientConfig_fromStub" classname="io.osins.grpc.reactor.plugin.maven.ReactiveCodeGenTest" time="0.006">
    <error message="/src: Read-only file system" type="java.nio.file.FileSystemException"><![CDATA[java.nio.file.FileSystemException: /src: Read-only file system
	at java.base/sun.nio.fs.UnixException.translateToIOException(UnixException.java:100)
	at java.base/sun.nio.fs.UnixException.rethrowAsIOException(UnixException.java:106)
	at java.base/sun.nio.fs.UnixException.rethrowAsIOException(UnixException.java:111)
	at java.base/sun.nio.fs.UnixFileSystemProvider.createDirectory(UnixFileSystemProvider.java:438)
	at java.base/java.nio.file.Files.createDirectory(Files.java:699)
	at java.base/java.nio.file.Files.createAndCheckIsDirectory(Files.java:807)
	at java.base/java.nio.file.Files.createDirectories(Files.java:793)
	at io.osins.grpc.reactor.plugin.maven.service.impl.JavaServiceImpl.loadJavaCodes(JavaServiceImpl.java:46)
	at io.osins.grpc.reactor.plugin.maven.ReactiveCodeGenTest.testGenerateGrpcClientConfig_fromStub(ReactiveCodeGenTest.java:56)
	at java.base/java.lang.reflect.Method.invoke(Method.java:580)
	at java.base/java.util.ArrayList.forEach(ArrayList.java:1596)
	at java.base/java.util.ArrayList.forEach(ArrayList.java:1596)
]]></error>
    <system-out><![CDATA[17:23:49.738 [main] INFO io.osins.grpc.reactor.plugin.maven.module.ReactiveCodeModule -- ReactiveCodeModule configure, output directory: /protobuf/grpc-java
17:23:49.739 [main] INFO io.osins.grpc.reactor.plugin.maven.module.ReactiveCodeModule -- ReactiveCodeModule configure, service name: test-grpc
17:23:49.739 [main] INFO io.osins.grpc.reactor.plugin.maven.module.ReactiveCodeModule -- ReactiveCodeModule configure, package name: com.example
17:23:49.739 [main] INFO io.osins.grpc.reactor.plugin.maven.module.ReactiveCodeModule -- ReactiveCodeModule configure, channel name: channelChannel
17:23:49.740 [main] INFO io.osins.grpc.reactor.plugin.maven.module.ReactiveCodeModule -- ReactiveCodeModule configure, out client: /src/test/resources/protobuf/client
17:23:49.741 [main] INFO io.osins.grpc.reactor.plugin.maven.service.impl.JavaServiceImpl -- load java codes, path: /Users/shaoyingwang/works/codes/osins-reactor-grpc-maven-plugin/target/generated-sources/protobuf/grpc-java/grpc-java
17:23:49.741 [main] INFO io.osins.grpc.reactor.plugin.maven.service.impl.JavaServiceImpl -- out client path: /src/test/resources/protobuf/client
]]></system-out>
  </testcase>
</testsuite>