<?xml version="1.0" encoding="UTF-8"?>
<testsuite xmlns:xsi="http://www.w3.org/2001/XMLSchema-instance" xsi:noNamespaceSchemaLocation="https://maven.apache.org/surefire/maven-surefire-plugin/xsd/surefire-test-report-3.0.xsd" version="3.0" name="io.osins.grpc.reactor.plugin.maven.ProtoGenTest" time="0.339" tests="1" errors="0" skipped="0" failures="1">
  <properties>
[...]
</properties>
  <testcase name="testGetFileDescriptorSet" classname="io.osins.grpc.reactor.plugin.maven.ProtoGenTest" time="0.337">
    <failure message="expected: &lt;false&gt; but was: &lt;true&gt;" type="org.opentest4j.AssertionFailedError"><![CDATA[org.opentest4j.AssertionFailedError: expected: <false> but was: <true>
	at org.junit.jupiter.api.AssertionFailureBuilder.build(AssertionFailureBuilder.java:151)
	at org.junit.jupiter.api.AssertionFailureBuilder.buildAndThrow(AssertionFailureBuilder.java:132)
	at org.junit.jupiter.api.AssertFalse.failNotFalse(AssertFalse.java:63)
	at org.junit.jupiter.api.AssertFalse.assertFalse(AssertFalse.java:36)
	at org.junit.jupiter.api.AssertFalse.assertFalse(AssertFalse.java:31)
	at org.junit.jupiter.api.Assertions.assertFalse(Assertions.java:231)
	at io.osins.grpc.reactor.plugin.maven.ProtoGenTest.testGetFileDescriptorSet(ProtoGenTest.java:99)
	at java.base/java.lang.reflect.Method.invoke(Method.java:580)
	at java.base/java.util.ArrayList.forEach(ArrayList.java:1596)
	at java.base/java.util.ArrayList.forEach(ArrayList.java:1596)
]]></failure>
    <system-out><![CDATA[17:23:48.335 [main] INFO io.osins.grpc.reactor.plugin.maven.service.impl.ProtoServiceImpl -- Loading proto files from: /Users/shaoyingwang/works/codes/osins-reactor-grpc-maven-plugin/src/test/resources/grpc/proto
17:23:48.337 [pool-2-thread-1] INFO io.osins.grpc.reactor.plugin.maven.service.impl.ProtoServiceImpl -- Loading proto file: /Users/shaoyingwang/works/codes/osins-reactor-grpc-maven-plugin/src/test/resources/grpc/proto/permission.service.proto
17:23:48.337 [pool-2-thread-2] INFO io.osins.grpc.reactor.plugin.maven.service.impl.ProtoServiceImpl -- Loading proto file: /Users/shaoyingwang/works/codes/osins-reactor-grpc-maven-plugin/src/test/resources/grpc/proto/role.service.proto
17:23:48.337 [pool-2-thread-3] INFO io.osins.grpc.reactor.plugin.maven.service.impl.ProtoServiceImpl -- Loading proto file: /Users/shaoyingwang/works/codes/osins-reactor-grpc-maven-plugin/src/test/resources/grpc/proto/user.role.service.proto
17:23:48.337 [pool-2-thread-4] INFO io.osins.grpc.reactor.plugin.maven.service.impl.ProtoServiceImpl -- Loading proto file: /Users/shaoyingwang/works/codes/osins-reactor-grpc-maven-plugin/src/test/resources/grpc/proto/commons.proto
17:23:48.337 [pool-2-thread-6] INFO io.osins.grpc.reactor.plugin.maven.service.impl.ProtoServiceImpl -- Loading proto file: /Users/shaoyingwang/works/codes/osins-reactor-grpc-maven-plugin/src/test/resources/grpc/proto/role.path.servcie.proto
17:23:48.337 [pool-2-thread-5] INFO io.osins.grpc.reactor.plugin.maven.service.impl.ProtoServiceImpl -- Loading proto file: /Users/shaoyingwang/works/codes/osins-reactor-grpc-maven-plugin/src/test/resources/grpc/proto/role.permission.service.proto
17:23:48.338 [pool-2-thread-7] INFO io.osins.grpc.reactor.plugin.maven.service.impl.ProtoServiceImpl -- Loading proto file: /Users/shaoyingwang/works/codes/osins-reactor-grpc-maven-plugin/src/test/resources/grpc/proto/user.authority.service.proto
17:23:48.340 [pool-2-thread-1] INFO io.osins.grpc.reactor.plugin.maven.service.ProtocPluginDownloader -- Resolving protoc-gen-grpc-java version 1.74.0
17:23:48.341 [pool-2-thread-1] INFO io.osins.grpc.reactor.plugin.maven.service.ProtocPluginDownloader -- Resolving artifact io.grpc:protoc-gen-grpc-java:exe:osx-aarch_64:1.74.0 from Mock for RepositorySystem, hashCode: 510207317
17:23:48.345 [pool-2-thread-1] INFO io.osins.grpc.reactor.plugin.maven.ProtoGenTest -- Stubbed resolveArtifact called for session: null
17:23:48.345 [pool-2-thread-1] INFO io.osins.grpc.reactor.plugin.maven.ProtoGenTest -- Stubbed resolveArtifact called for artifact: io.grpc:protoc-gen-grpc-java:exe:osx-aarch_64:1.74.0
17:23:48.345 [pool-2-thread-1] INFO io.osins.grpc.reactor.plugin.maven.ProtoGenTest -- Resolving artifact: repositorySystem.resolveArtifact(
    null,
    io.grpc:protoc-gen-grpc-java:exe:osx-aarch_64:1.74.0 < []
);
17:23:48.381 [pool-2-thread-1] ERROR io.osins.grpc.reactor.plugin.maven.service.ProtocPluginDownloader -- Error resolving protoc-gen-grpc-java: protoc-gen-grpc-java not found: /home/richard/.m2/repository/io/grpc/protoc-gen-grpc-java/1.74.0/protoc-gen-grpc-java-1.74.0-linux-x86_64.exe
java.lang.RuntimeException: protoc-gen-grpc-java not found: /home/richard/.m2/repository/io/grpc/protoc-gen-grpc-java/1.74.0/protoc-gen-grpc-java-1.74.0-linux-x86_64.exe
	at io.osins.grpc.reactor.plugin.maven.service.ProtocPluginDownloader.resolve(ProtocPluginDownloader.java:46)
	at io.osins.grpc.reactor.plugin.maven.service.ProtocPluginDownloader.resolveProtocGenGrpcJava(ProtocPluginDownloader.java:25)
	at io.osins.grpc.reactor.plugin.maven.service.impl.ProtoServiceImpl.compileAndLoadDescriptor(ProtoServiceImpl.java:77)
	at io.osins.grpc.reactor.plugin.maven.service.impl.ProtoServiceImpl.lambda$getFileDescriptorSet$2(ProtoServiceImpl.java:49)
	at java.base/java.util.concurrent.CompletableFuture$AsyncSupply.run(CompletableFuture.java:1768)
	at java.base/java.util.concurrent.ThreadPoolExecutor.runWorker(ThreadPoolExecutor.java:1144)
	at java.base/java.util.concurrent.ThreadPoolExecutor$Worker.run(ThreadPoolExecutor.java:642)
	at java.base/java.lang.Thread.run(Thread.java:1583)
17:23:48.382 [pool-2-thread-2] INFO io.osins.grpc.reactor.plugin.maven.service.ProtocPluginDownloader -- Resolving protoc-gen-grpc-java version 1.74.0
17:23:48.382 [pool-2-thread-2] INFO io.osins.grpc.reactor.plugin.maven.service.ProtocPluginDownloader -- Resolving artifact io.grpc:protoc-gen-grpc-java:exe:osx-aarch_64:1.74.0 from Mock for RepositorySystem, hashCode: 510207317
17:23:48.383 [pool-2-thread-2] INFO io.osins.grpc.reactor.plugin.maven.ProtoGenTest -- Stubbed resolveArtifact called for session: null
17:23:48.384 [pool-2-thread-2] INFO io.osins.grpc.reactor.plugin.maven.ProtoGenTest -- Stubbed resolveArtifact called for artifact: io.grpc:protoc-gen-grpc-java:exe:osx-aarch_64:1.74.0
17:23:48.384 [pool-2-thread-1] ERROR io.osins.grpc.reactor.plugin.maven.service.impl.ProtoServiceImpl -- Error compiling proto file: /Users/shaoyingwang/works/codes/osins-reactor-grpc-maven-plugin/src/test/resources/grpc/proto/permission.service.proto
java.lang.RuntimeException: protoc-gen-grpc-java path is required
	at io.osins.grpc.reactor.plugin.maven.service.ProtocCompilerService.lambda$compile$1(ProtocCompilerService.java:35)
	at java.base/java.util.Optional.orElseThrow(Optional.java:403)
	at io.osins.grpc.reactor.plugin.maven.service.ProtocCompilerService.compile(ProtocCompilerService.java:35)
	at io.osins.grpc.reactor.plugin.maven.service.impl.ProtocCompilerImpl.compile(ProtocCompilerImpl.java:13)
	at io.osins.grpc.reactor.plugin.maven.service.impl.ProtoServiceImpl.compileAndLoadDescriptor(ProtoServiceImpl.java:92)
	at io.osins.grpc.reactor.plugin.maven.service.impl.ProtoServiceImpl.lambda$getFileDescriptorSet$2(ProtoServiceImpl.java:49)
	at java.base/java.util.concurrent.CompletableFuture$AsyncSupply.run(CompletableFuture.java:1768)
	at java.base/java.util.concurrent.ThreadPoolExecutor.runWorker(ThreadPoolExecutor.java:1144)
	at java.base/java.util.concurrent.ThreadPoolExecutor$Worker.run(ThreadPoolExecutor.java:642)
	at java.base/java.lang.Thread.run(Thread.java:1583)
17:23:48.384 [pool-2-thread-2] INFO io.osins.grpc.reactor.plugin.maven.ProtoGenTest -- Resolving artifact: repositorySystem.resolveArtifact(
    null,
    io.grpc:protoc-gen-grpc-java:exe:osx-aarch_64:1.74.0 < []
);
17:23:48.411 [pool-2-thread-2] ERROR io.osins.grpc.reactor.plugin.maven.service.ProtocPluginDownloader -- Error resolving protoc-gen-grpc-java: protoc-gen-grpc-java not found: /home/richard/.m2/repository/io/grpc/protoc-gen-grpc-java/1.74.0/protoc-gen-grpc-java-1.74.0-linux-x86_64.exe
java.lang.RuntimeException: protoc-gen-grpc-java not found: /home/richard/.m2/repository/io/grpc/protoc-gen-grpc-java/1.74.0/protoc-gen-grpc-java-1.74.0-linux-x86_64.exe
	at io.osins.grpc.reactor.plugin.maven.service.ProtocPluginDownloader.resolve(ProtocPluginDownloader.java:46)
	at io.osins.grpc.reactor.plugin.maven.service.ProtocPluginDownloader.resolveProtocGenGrpcJava(ProtocPluginDownloader.java:25)
	at io.osins.grpc.reactor.plugin.maven.service.impl.ProtoServiceImpl.compileAndLoadDescriptor(ProtoServiceImpl.java:77)
	at io.osins.grpc.reactor.plugin.maven.service.impl.ProtoServiceImpl.lambda$getFileDescriptorSet$2(ProtoServiceImpl.java:49)
	at java.base/java.util.concurrent.CompletableFuture$AsyncSupply.run(CompletableFuture.java:1768)
	at java.base/java.util.concurrent.ThreadPoolExecutor.runWorker(ThreadPoolExecutor.java:1144)
	at java.base/java.util.concurrent.ThreadPoolExecutor$Worker.run(ThreadPoolExecutor.java:642)
	at java.base/java.lang.Thread.run(Thread.java:1583)
17:23:48.411 [pool-2-thread-7] INFO io.osins.grpc.reactor.plugin.maven.service.ProtocPluginDownloader -- Resolving protoc-gen-grpc-java version 1.74.0
17:23:48.411 [pool-2-thread-2] ERROR io.osins.grpc.reactor.plugin.maven.service.impl.ProtoServiceImpl -- Error compiling proto file: /Users/shaoyingwang/works/codes/osins-reactor-grpc-maven-plugin/src/test/resources/grpc/proto/role.service.proto
java.lang.RuntimeException: protoc-gen-grpc-java path is required
	at io.osins.grpc.reactor.plugin.maven.service.ProtocCompilerService.lambda$compile$1(ProtocCompilerService.java:35)
	at java.base/java.util.Optional.orElseThrow(Optional.java:403)
	at io.osins.grpc.reactor.plugin.maven.service.ProtocCompilerService.compile(ProtocCompilerService.java:35)
	at io.osins.grpc.reactor.plugin.maven.service.impl.ProtocCompilerImpl.compile(ProtocCompilerImpl.java:13)
	at io.osins.grpc.reactor.plugin.maven.service.impl.ProtoServiceImpl.compileAndLoadDescriptor(ProtoServiceImpl.java:92)
	at io.osins.grpc.reactor.plugin.maven.service.impl.ProtoServiceImpl.lambda$getFileDescriptorSet$2(ProtoServiceImpl.java:49)
	at java.base/java.util.concurrent.CompletableFuture$AsyncSupply.run(CompletableFuture.java:1768)
	at java.base/java.util.concurrent.ThreadPoolExecutor.runWorker(ThreadPoolExecutor.java:1144)
	at java.base/java.util.concurrent.ThreadPoolExecutor$Worker.run(ThreadPoolExecutor.java:642)
	at java.base/java.lang.Thread.run(Thread.java:1583)
17:23:48.412 [pool-2-thread-7] INFO io.osins.grpc.reactor.plugin.maven.service.ProtocPluginDownloader -- Resolving artifact io.grpc:protoc-gen-grpc-java:exe:osx-aarch_64:1.74.0 from Mock for RepositorySystem, hashCode: 510207317
17:23:48.412 [pool-2-thread-7] INFO io.osins.grpc.reactor.plugin.maven.ProtoGenTest -- Stubbed resolveArtifact called for session: null
17:23:48.412 [pool-2-thread-7] INFO io.osins.grpc.reactor.plugin.maven.ProtoGenTest -- Stubbed resolveArtifact called for artifact: io.grpc:protoc-gen-grpc-java:exe:osx-aarch_64:1.74.0
17:23:48.412 [pool-2-thread-7] INFO io.osins.grpc.reactor.plugin.maven.ProtoGenTest -- Resolving artifact: repositorySystem.resolveArtifact(
    null,
    io.grpc:protoc-gen-grpc-java:exe:osx-aarch_64:1.74.0 < []
);
17:23:48.432 [pool-2-thread-7] ERROR io.osins.grpc.reactor.plugin.maven.service.ProtocPluginDownloader -- Error resolving protoc-gen-grpc-java: protoc-gen-grpc-java not found: /home/richard/.m2/repository/io/grpc/protoc-gen-grpc-java/1.74.0/protoc-gen-grpc-java-1.74.0-linux-x86_64.exe
java.lang.RuntimeException: protoc-gen-grpc-java not found: /home/richard/.m2/repository/io/grpc/protoc-gen-grpc-java/1.74.0/protoc-gen-grpc-java-1.74.0-linux-x86_64.exe
	at io.osins.grpc.reactor.plugin.maven.service.ProtocPluginDownloader.resolve(ProtocPluginDownloader.java:46)
	at io.osins.grpc.reactor.plugin.maven.service.ProtocPluginDownloader.resolveProtocGenGrpcJava(ProtocPluginDownloader.java:25)
	at io.osins.grpc.reactor.plugin.maven.service.impl.ProtoServiceImpl.compileAndLoadDescriptor(ProtoServiceImpl.java:77)
	at io.osins.grpc.reactor.plugin.maven.service.impl.ProtoServiceImpl.lambda$getFileDescriptorSet$2(ProtoServiceImpl.java:49)
	at java.base/java.util.concurrent.CompletableFuture$AsyncSupply.run(CompletableFuture.java:1768)
	at java.base/java.util.concurrent.ThreadPoolExecutor.runWorker(ThreadPoolExecutor.java:1144)
	at java.base/java.util.concurrent.ThreadPoolExecutor$Worker.run(ThreadPoolExecutor.java:642)
	at java.base/java.lang.Thread.run(Thread.java:1583)
17:23:48.432 [pool-2-thread-7] ERROR io.osins.grpc.reactor.plugin.maven.service.impl.ProtoServiceImpl -- Error compiling proto file: /Users/shaoyingwang/works/codes/osins-reactor-grpc-maven-plugin/src/test/resources/grpc/proto/user.authority.service.proto
java.lang.RuntimeException: protoc-gen-grpc-java path is required
	at io.osins.grpc.reactor.plugin.maven.service.ProtocCompilerService.lambda$compile$1(ProtocCompilerService.java:35)
	at java.base/java.util.Optional.orElseThrow(Optional.java:403)
	at io.osins.grpc.reactor.plugin.maven.service.ProtocCompilerService.compile(ProtocCompilerService.java:35)
	at io.osins.grpc.reactor.plugin.maven.service.impl.ProtocCompilerImpl.compile(ProtocCompilerImpl.java:13)
	at io.osins.grpc.reactor.plugin.maven.service.impl.ProtoServiceImpl.compileAndLoadDescriptor(ProtoServiceImpl.java:92)
	at io.osins.grpc.reactor.plugin.maven.service.impl.ProtoServiceImpl.lambda$getFileDescriptorSet$2(ProtoServiceImpl.java:49)
	at java.base/java.util.concurrent.CompletableFuture$AsyncSupply.run(CompletableFuture.java:1768)
	at java.base/java.util.concurrent.ThreadPoolExecutor.runWorker(ThreadPoolExecutor.java:1144)
	at java.base/java.util.concurrent.ThreadPoolExecutor$Worker.run(ThreadPoolExecutor.java:642)
	at java.base/java.lang.Thread.run(Thread.java:1583)
17:23:48.432 [pool-2-thread-4] INFO io.osins.grpc.reactor.plugin.maven.service.ProtocPluginDownloader -- Resolving protoc-gen-grpc-java version 1.74.0
17:23:48.433 [pool-2-thread-4] INFO io.osins.grpc.reactor.plugin.maven.service.ProtocPluginDownloader -- Resolving artifact io.grpc:protoc-gen-grpc-java:exe:osx-aarch_64:1.74.0 from Mock for RepositorySystem, hashCode: 510207317
17:23:48.434 [pool-2-thread-4] INFO io.osins.grpc.reactor.plugin.maven.ProtoGenTest -- Stubbed resolveArtifact called for session: null
17:23:48.434 [pool-2-thread-4] INFO io.osins.grpc.reactor.plugin.maven.ProtoGenTest -- Stubbed resolveArtifact called for artifact: io.grpc:protoc-gen-grpc-java:exe:osx-aarch_64:1.74.0
17:23:48.434 [pool-2-thread-4] INFO io.osins.grpc.reactor.plugin.maven.ProtoGenTest -- Resolving artifact: repositorySystem.resolveArtifact(
    null,
    io.grpc:protoc-gen-grpc-java:exe:osx-aarch_64:1.74.0 < []
);
17:23:48.452 [pool-2-thread-4] ERROR io.osins.grpc.reactor.plugin.maven.service.ProtocPluginDownloader -- Error resolving protoc-gen-grpc-java: protoc-gen-grpc-java not found: /home/richard/.m2/repository/io/grpc/protoc-gen-grpc-java/1.74.0/protoc-gen-grpc-java-1.74.0-linux-x86_64.exe
java.lang.RuntimeException: protoc-gen-grpc-java not found: /home/richard/.m2/repository/io/grpc/protoc-gen-grpc-java/1.74.0/protoc-gen-grpc-java-1.74.0-linux-x86_64.exe
	at io.osins.grpc.reactor.plugin.maven.service.ProtocPluginDownloader.resolve(ProtocPluginDownloader.java:46)
	at io.osins.grpc.reactor.plugin.maven.service.ProtocPluginDownloader.resolveProtocGenGrpcJava(ProtocPluginDownloader.java:25)
	at io.osins.grpc.reactor.plugin.maven.service.impl.ProtoServiceImpl.compileAndLoadDescriptor(ProtoServiceImpl.java:77)
	at io.osins.grpc.reactor.plugin.maven.service.impl.ProtoServiceImpl.lambda$getFileDescriptorSet$2(ProtoServiceImpl.java:49)
	at java.base/java.util.concurrent.CompletableFuture$AsyncSupply.run(CompletableFuture.java:1768)
	at java.base/java.util.concurrent.ThreadPoolExecutor.runWorker(ThreadPoolExecutor.java:1144)
	at java.base/java.util.concurrent.ThreadPoolExecutor$Worker.run(ThreadPoolExecutor.java:642)
	at java.base/java.lang.Thread.run(Thread.java:1583)
17:23:48.453 [pool-2-thread-4] ERROR io.osins.grpc.reactor.plugin.maven.service.impl.ProtoServiceImpl -- Error compiling proto file: /Users/shaoyingwang/works/codes/osins-reactor-grpc-maven-plugin/src/test/resources/grpc/proto/commons.proto
java.lang.RuntimeException: protoc-gen-grpc-java path is required
	at io.osins.grpc.reactor.plugin.maven.service.ProtocCompilerService.lambda$compile$1(ProtocCompilerService.java:35)
	at java.base/java.util.Optional.orElseThrow(Optional.java:403)
	at io.osins.grpc.reactor.plugin.maven.service.ProtocCompilerService.compile(ProtocCompilerService.java:35)
	at io.osins.grpc.reactor.plugin.maven.service.impl.ProtocCompilerImpl.compile(ProtocCompilerImpl.java:13)
	at io.osins.grpc.reactor.plugin.maven.service.impl.ProtoServiceImpl.compileAndLoadDescriptor(ProtoServiceImpl.java:92)
	at io.osins.grpc.reactor.plugin.maven.service.impl.ProtoServiceImpl.lambda$getFileDescriptorSet$2(ProtoServiceImpl.java:49)
	at java.base/java.util.concurrent.CompletableFuture$AsyncSupply.run(CompletableFuture.java:1768)
	at java.base/java.util.concurrent.ThreadPoolExecutor.runWorker(ThreadPoolExecutor.java:1144)
	at java.base/java.util.concurrent.ThreadPoolExecutor$Worker.run(ThreadPoolExecutor.java:642)
	at java.base/java.lang.Thread.run(Thread.java:1583)
17:23:48.453 [pool-2-thread-6] INFO io.osins.grpc.reactor.plugin.maven.service.ProtocPluginDownloader -- Resolving protoc-gen-grpc-java version 1.74.0
17:23:48.453 [pool-2-thread-6] INFO io.osins.grpc.reactor.plugin.maven.service.ProtocPluginDownloader -- Resolving artifact io.grpc:protoc-gen-grpc-java:exe:osx-aarch_64:1.74.0 from Mock for RepositorySystem, hashCode: 510207317
17:23:48.453 [pool-2-thread-6] INFO io.osins.grpc.reactor.plugin.maven.ProtoGenTest -- Stubbed resolveArtifact called for session: null
17:23:48.453 [pool-2-thread-6] INFO io.osins.grpc.reactor.plugin.maven.ProtoGenTest -- Stubbed resolveArtifact called for artifact: io.grpc:protoc-gen-grpc-java:exe:osx-aarch_64:1.74.0
17:23:48.454 [pool-2-thread-6] INFO io.osins.grpc.reactor.plugin.maven.ProtoGenTest -- Resolving artifact: repositorySystem.resolveArtifact(
    null,
    io.grpc:protoc-gen-grpc-java:exe:osx-aarch_64:1.74.0 < []
);
17:23:48.470 [pool-2-thread-6] ERROR io.osins.grpc.reactor.plugin.maven.service.ProtocPluginDownloader -- Error resolving protoc-gen-grpc-java: protoc-gen-grpc-java not found: /home/richard/.m2/repository/io/grpc/protoc-gen-grpc-java/1.74.0/protoc-gen-grpc-java-1.74.0-linux-x86_64.exe
java.lang.RuntimeException: protoc-gen-grpc-java not found: /home/richard/.m2/repository/io/grpc/protoc-gen-grpc-java/1.74.0/protoc-gen-grpc-java-1.74.0-linux-x86_64.exe
	at io.osins.grpc.reactor.plugin.maven.service.ProtocPluginDownloader.resolve(ProtocPluginDownloader.java:46)
	at io.osins.grpc.reactor.plugin.maven.service.ProtocPluginDownloader.resolveProtocGenGrpcJava(ProtocPluginDownloader.java:25)
	at io.osins.grpc.reactor.plugin.maven.service.impl.ProtoServiceImpl.compileAndLoadDescriptor(ProtoServiceImpl.java:77)
	at io.osins.grpc.reactor.plugin.maven.service.impl.ProtoServiceImpl.lambda$getFileDescriptorSet$2(ProtoServiceImpl.java:49)
	at java.base/java.util.concurrent.CompletableFuture$AsyncSupply.run(CompletableFuture.java:1768)
	at java.base/java.util.concurrent.ThreadPoolExecutor.runWorker(ThreadPoolExecutor.java:1144)
	at java.base/java.util.concurrent.ThreadPoolExecutor$Worker.run(ThreadPoolExecutor.java:642)
	at java.base/java.lang.Thread.run(Thread.java:1583)
17:23:48.471 [pool-2-thread-3] INFO io.osins.grpc.reactor.plugin.maven.service.ProtocPluginDownloader -- Resolving protoc-gen-grpc-java version 1.74.0
17:23:48.471 [pool-2-thread-6] ERROR io.osins.grpc.reactor.plugin.maven.service.impl.ProtoServiceImpl -- Error compiling proto file: /Users/shaoyingwang/works/codes/osins-reactor-grpc-maven-plugin/src/test/resources/grpc/proto/role.path.servcie.proto
java.lang.RuntimeException: protoc-gen-grpc-java path is required
	at io.osins.grpc.reactor.plugin.maven.service.ProtocCompilerService.lambda$compile$1(ProtocCompilerService.java:35)
	at java.base/java.util.Optional.orElseThrow(Optional.java:403)
	at io.osins.grpc.reactor.plugin.maven.service.ProtocCompilerService.compile(ProtocCompilerService.java:35)
	at io.osins.grpc.reactor.plugin.maven.service.impl.ProtocCompilerImpl.compile(ProtocCompilerImpl.java:13)
	at io.osins.grpc.reactor.plugin.maven.service.impl.ProtoServiceImpl.compileAndLoadDescriptor(ProtoServiceImpl.java:92)
	at io.osins.grpc.reactor.plugin.maven.service.impl.ProtoServiceImpl.lambda$getFileDescriptorSet$2(ProtoServiceImpl.java:49)
	at java.base/java.util.concurrent.CompletableFuture$AsyncSupply.run(CompletableFuture.java:1768)
	at java.base/java.util.concurrent.ThreadPoolExecutor.runWorker(ThreadPoolExecutor.java:1144)
	at java.base/java.util.concurrent.ThreadPoolExecutor$Worker.run(ThreadPoolExecutor.java:642)
	at java.base/java.lang.Thread.run(Thread.java:1583)
17:23:48.471 [pool-2-thread-3] INFO io.osins.grpc.reactor.plugin.maven.service.ProtocPluginDownloader -- Resolving artifact io.grpc:protoc-gen-grpc-java:exe:osx-aarch_64:1.74.0 from Mock for RepositorySystem, hashCode: 510207317
17:23:48.471 [pool-2-thread-3] INFO io.osins.grpc.reactor.plugin.maven.ProtoGenTest -- Stubbed resolveArtifact called for session: null
17:23:48.471 [pool-2-thread-3] INFO io.osins.grpc.reactor.plugin.maven.ProtoGenTest -- Stubbed resolveArtifact called for artifact: io.grpc:protoc-gen-grpc-java:exe:osx-aarch_64:1.74.0
17:23:48.471 [pool-2-thread-3] INFO io.osins.grpc.reactor.plugin.maven.ProtoGenTest -- Resolving artifact: repositorySystem.resolveArtifact(
    null,
    io.grpc:protoc-gen-grpc-java:exe:osx-aarch_64:1.74.0 < []
);
17:23:48.493 [pool-2-thread-3] ERROR io.osins.grpc.reactor.plugin.maven.service.ProtocPluginDownloader -- Error resolving protoc-gen-grpc-java: protoc-gen-grpc-java not found: /home/richard/.m2/repository/io/grpc/protoc-gen-grpc-java/1.74.0/protoc-gen-grpc-java-1.74.0-linux-x86_64.exe
java.lang.RuntimeException: protoc-gen-grpc-java not found: /home/richard/.m2/repository/io/grpc/protoc-gen-grpc-java/1.74.0/protoc-gen-grpc-java-1.74.0-linux-x86_64.exe
	at io.osins.grpc.reactor.plugin.maven.service.ProtocPluginDownloader.resolve(ProtocPluginDownloader.java:46)
	at io.osins.grpc.reactor.plugin.maven.service.ProtocPluginDownloader.resolveProtocGenGrpcJava(ProtocPluginDownloader.java:25)
	at io.osins.grpc.reactor.plugin.maven.service.impl.ProtoServiceImpl.compileAndLoadDescriptor(ProtoServiceImpl.java:77)
	at io.osins.grpc.reactor.plugin.maven.service.impl.ProtoServiceImpl.lambda$getFileDescriptorSet$2(ProtoServiceImpl.java:49)
	at java.base/java.util.concurrent.CompletableFuture$AsyncSupply.run(CompletableFuture.java:1768)
	at java.base/java.util.concurrent.ThreadPoolExecutor.runWorker(ThreadPoolExecutor.java:1144)
	at java.base/java.util.concurrent.ThreadPoolExecutor$Worker.run(ThreadPoolExecutor.java:642)
	at java.base/java.lang.Thread.run(Thread.java:1583)
17:23:48.493 [pool-2-thread-5] INFO io.osins.grpc.reactor.plugin.maven.service.ProtocPluginDownloader -- Resolving protoc-gen-grpc-java version 1.74.0
17:23:48.493 [pool-2-thread-3] ERROR io.osins.grpc.reactor.plugin.maven.service.impl.ProtoServiceImpl -- Error compiling proto file: /Users/shaoyingwang/works/codes/osins-reactor-grpc-maven-plugin/src/test/resources/grpc/proto/user.role.service.proto
java.lang.RuntimeException: protoc-gen-grpc-java path is required
	at io.osins.grpc.reactor.plugin.maven.service.ProtocCompilerService.lambda$compile$1(ProtocCompilerService.java:35)
	at java.base/java.util.Optional.orElseThrow(Optional.java:403)
	at io.osins.grpc.reactor.plugin.maven.service.ProtocCompilerService.compile(ProtocCompilerService.java:35)
	at io.osins.grpc.reactor.plugin.maven.service.impl.ProtocCompilerImpl.compile(ProtocCompilerImpl.java:13)
	at io.osins.grpc.reactor.plugin.maven.service.impl.ProtoServiceImpl.compileAndLoadDescriptor(ProtoServiceImpl.java:92)
	at io.osins.grpc.reactor.plugin.maven.service.impl.ProtoServiceImpl.lambda$getFileDescriptorSet$2(ProtoServiceImpl.java:49)
	at java.base/java.util.concurrent.CompletableFuture$AsyncSupply.run(CompletableFuture.java:1768)
	at java.base/java.util.concurrent.ThreadPoolExecutor.runWorker(ThreadPoolExecutor.java:1144)
	at java.base/java.util.concurrent.ThreadPoolExecutor$Worker.run(ThreadPoolExecutor.java:642)
	at java.base/java.lang.Thread.run(Thread.java:1583)
17:23:48.493 [pool-2-thread-5] INFO io.osins.grpc.reactor.plugin.maven.service.ProtocPluginDownloader -- Resolving artifact io.grpc:protoc-gen-grpc-java:exe:osx-aarch_64:1.74.0 from Mock for RepositorySystem, hashCode: 510207317
17:23:48.494 [pool-2-thread-5] INFO io.osins.grpc.reactor.plugin.maven.ProtoGenTest -- Stubbed resolveArtifact called for session: null
17:23:48.494 [pool-2-thread-5] INFO io.osins.grpc.reactor.plugin.maven.ProtoGenTest -- Stubbed resolveArtifact called for artifact: io.grpc:protoc-gen-grpc-java:exe:osx-aarch_64:1.74.0
17:23:48.494 [pool-2-thread-5] INFO io.osins.grpc.reactor.plugin.maven.ProtoGenTest -- Resolving artifact: repositorySystem.resolveArtifact(
    null,
    io.grpc:protoc-gen-grpc-java:exe:osx-aarch_64:1.74.0 < []
);
17:23:48.505 [pool-2-thread-5] ERROR io.osins.grpc.reactor.plugin.maven.service.ProtocPluginDownloader -- Error resolving protoc-gen-grpc-java: protoc-gen-grpc-java not found: /home/richard/.m2/repository/io/grpc/protoc-gen-grpc-java/1.74.0/protoc-gen-grpc-java-1.74.0-linux-x86_64.exe
java.lang.RuntimeException: protoc-gen-grpc-java not found: /home/richard/.m2/repository/io/grpc/protoc-gen-grpc-java/1.74.0/protoc-gen-grpc-java-1.74.0-linux-x86_64.exe
	at io.osins.grpc.reactor.plugin.maven.service.ProtocPluginDownloader.resolve(ProtocPluginDownloader.java:46)
	at io.osins.grpc.reactor.plugin.maven.service.ProtocPluginDownloader.resolveProtocGenGrpcJava(ProtocPluginDownloader.java:25)
	at io.osins.grpc.reactor.plugin.maven.service.impl.ProtoServiceImpl.compileAndLoadDescriptor(ProtoServiceImpl.java:77)
	at io.osins.grpc.reactor.plugin.maven.service.impl.ProtoServiceImpl.lambda$getFileDescriptorSet$2(ProtoServiceImpl.java:49)
	at java.base/java.util.concurrent.CompletableFuture$AsyncSupply.run(CompletableFuture.java:1768)
	at java.base/java.util.concurrent.ThreadPoolExecutor.runWorker(ThreadPoolExecutor.java:1144)
	at java.base/java.util.concurrent.ThreadPoolExecutor$Worker.run(ThreadPoolExecutor.java:642)
	at java.base/java.lang.Thread.run(Thread.java:1583)
17:23:48.506 [pool-2-thread-5] ERROR io.osins.grpc.reactor.plugin.maven.service.impl.ProtoServiceImpl -- Error compiling proto file: /Users/shaoyingwang/works/codes/osins-reactor-grpc-maven-plugin/src/test/resources/grpc/proto/role.permission.service.proto
java.lang.RuntimeException: protoc-gen-grpc-java path is required
	at io.osins.grpc.reactor.plugin.maven.service.ProtocCompilerService.lambda$compile$1(ProtocCompilerService.java:35)
	at java.base/java.util.Optional.orElseThrow(Optional.java:403)
	at io.osins.grpc.reactor.plugin.maven.service.ProtocCompilerService.compile(ProtocCompilerService.java:35)
	at io.osins.grpc.reactor.plugin.maven.service.impl.ProtocCompilerImpl.compile(ProtocCompilerImpl.java:13)
	at io.osins.grpc.reactor.plugin.maven.service.impl.ProtoServiceImpl.compileAndLoadDescriptor(ProtoServiceImpl.java:92)
	at io.osins.grpc.reactor.plugin.maven.service.impl.ProtoServiceImpl.lambda$getFileDescriptorSet$2(ProtoServiceImpl.java:49)
	at java.base/java.util.concurrent.CompletableFuture$AsyncSupply.run(CompletableFuture.java:1768)
	at java.base/java.util.concurrent.ThreadPoolExecutor.runWorker(ThreadPoolExecutor.java:1144)
	at java.base/java.util.concurrent.ThreadPoolExecutor$Worker.run(ThreadPoolExecutor.java:642)
	at java.base/java.lang.Thread.run(Thread.java:1583)
]]></system-out>
  </testcase>
</testsuite>